# JRE version: OpenJDK Runtime Environment Temurin-21.0.10+7 (21.0.10+7) (build 21.0.10+7-LTS)
# Java VM: OpenJDK 64-Bit Server VM Temurin-21.0.10+7 (21.0.10+7-LTS, mixed mode, sharing, tiered, compressed oops, compressed class ptrs, parallel gc, windows-amd64)
GC Precious Log:
 CardTable entry size: 512
 CPUs: 16 total, 16 available
 Memory: 7811M
 Large Page Support: Disabled
 NUMA Support: Disabled
 Compressed Oops: Enabled (32-bit)
 Alignments: Space 512K, Generation 512K, Heap 2M
 Heap Min Capacity: 100M
 Heap Initial Capacity: 100M
 Heap Max Capacity: 2G
 Pre-touch: Disabled
 Parallel Workers: 13
Heap:
 PSYoungGen      total 18944K, used 13000K [0x00000000d5580000, 0x00000000d6b00000, 0x0000000100000000)
  eden space 17920K, 68% used [0x00000000d5580000,0x00000000d617e330,0x00000000d6700000)
  from space 1024K, 70% used [0x00000000d6700000,0x00000000d67b4010,0x00000000d6800000)
  to   space 2048K, 0% used [0x00000000d6900000,0x00000000d6900000,0x00000000d6b00000)
 ParOldGen       total 124416K, used 124209K [0x0000000080000000, 0x0000000087980000, 0x00000000d5580000)
  object space 124416K, 99% used [0x0000000080000000,0x000000008794c7f8,0x0000000087980000)
 Metaspace       used 72690K, committed 74304K, reserved 1179648K
  class space    used 7412K, committed 8128K, reserved 1048576K
GC Heap History (20 events):
Event: 13.689 GC heap before
{Heap before GC invocations=239 (full 3):
 PSYoungGen      total 23040K, used 22688K [0x00000000d5580000, 0x00000000d6d00000, 0x0000000100000000)
  eden space 22016K, 100% used [0x00000000d5580000,0x00000000d6b00000,0x00000000d6b00000)
  from space 1024K, 65% used [0x00000000d6b00000,0x00000000d6ba8020,0x00000000d6c00000)
  to   space 1024K, 0% used [0x00000000d6c00000,0x00000000d6c00000,0x00000000d6d00000)
 ParOldGen       total 113152K, used 113063K [0x0000000080000000, 0x0000000086e80000, 0x00000000d5580000)
  object space 113152K, 99% used [0x0000000080000000,0x0000000086e69f38,0x0000000086e80000)
 Metaspace       used 68081K, committed 69696K, reserved 1114112K
  class space    used 7135K, committed 7808K, reserved 1048576K
}
Event: 13.690 GC heap after
{Heap after GC invocations=239 (full 3):
 PSYoungGen      total 20480K, used 1012K [0x00000000d5580000, 0x00000000d7200000, 0x0000000100000000)
  eden space 19456K, 0% used [0x00000000d5580000,0x00000000d5580000,0x00000000d6880000)
  from space 1024K, 98% used [0x00000000d6c00000,0x00000000d6cfd220,0x00000000d6d00000)
  to   space 3584K, 0% used [0x00000000d6880000,0x00000000d6880000,0x00000000d6c00000)
 ParOldGen       total 115200K, used 114991K [0x0000000080000000, 0x0000000087080000, 0x00000000d5580000)
  object space 115200K, 99% used [0x0000000080000000,0x000000008704bfe8,0x0000000087080000)
 Metaspace       used 68081K, committed 69696K, reserved 1114112K
  class space    used 7135K, committed 7808K, reserved 1048576K
}
Event: 13.778 GC heap before
{Heap before GC invocations=240 (full 3):
 PSYoungGen      total 20480K, used 20468K [0x00000000d5580000, 0x00000000d7200000, 0x0000000100000000)
  eden space 19456K, 100% used [0x00000000d5580000,0x00000000d6880000,0x00000000d6880000)
  from space 1024K, 98% used [0x00000000d6c00000,0x00000000d6cfd220,0x00000000d6d00000)
  to   space 3584K, 0% used [0x00000000d6880000,0x00000000d6880000,0x00000000d6c00000)
 ParOldGen       total 115200K, used 114991K [0x0000000080000000, 0x0000000087080000, 0x00000000d5580000)
  object space 115200K, 99% used [0x0000000080000000,0x000000008704bfe8,0x0000000087080000)
 Metaspace       used 68890K, committed 70464K, reserved 1114112K
  class space    used 7191K, committed 7872K, reserved 1048576K
}
Event: 13.780 GC heap after
{Heap after GC invocations=240 (full 3):
 PSYoungGen      total 21504K, used 1764K [0x00000000d5580000, 0x00000000d6d80000, 0x0000000100000000)
  eden space 19456K, 0% used [0x00000000d5580000,0x00000000d5580000,0x00000000d6880000)
  from space 2048K, 86% used [0x00000000d6880000,0x00000000d6a39210,0x00000000d6a80000)
  to   space 2560K, 0% used [0x00000000d6b00000,0x00000000d6b00000,0x00000000d6d80000)
 ParOldGen       total 116224K, used 115980K [0x0000000080000000, 0x0000000087180000, 0x00000000d5580000)
  object space 116224K, 99% used [0x0000000080000000,0x0000000087143208,0x0000000087180000)
 Metaspace       used 68890K, committed 70464K, reserved 1114112K
  class space    used 7191K, committed 7872K, reserved 1048576K
}
Event: 13.875 GC heap before
{Heap before GC invocations=241 (full 3):
 PSYoungGen      total 21504K, used 21211K [0x00000000d5580000, 0x00000000d6d80000, 0x0000000100000000)
  eden space 19456K, 99% used [0x00000000d5580000,0x00000000d687da68,0x00000000d6880000)
  from space 2048K, 86% used [0x00000000d6880000,0x00000000d6a39210,0x00000000d6a80000)
  to   space 2560K, 0% used [0x00000000d6b00000,0x00000000d6b00000,0x00000000d6d80000)
 ParOldGen       total 116224K, used 115980K [0x0000000080000000, 0x0000000087180000, 0x00000000d5580000)
  object space 116224K, 99% used [0x0000000080000000,0x0000000087143208,0x0000000087180000)
 Metaspace       used 69704K, committed 71296K, reserved 1114112K
  class space    used 7260K, committed 7936K, reserved 1048576K
}
Event: 13.877 GC heap after
{Heap after GC invocations=241 (full 3):
 PSYoungGen      total 22016K, used 2045K [0x00000000d5580000, 0x00000000d6d80000, 0x0000000100000000)
  eden space 19456K, 0% used [0x00000000d5580000,0x00000000d5580000,0x00000000d6880000)
  from space 2560K, 79% used [0x00000000d6b00000,0x00000000d6cff630,0x00000000d6d80000)
  to   space 2560K, 0% used [0x00000000d6880000,0x00000000d6880000,0x00000000d6b00000)
 ParOldGen       total 117248K, used 117191K [0x0000000080000000, 0x0000000087280000, 0x00000000d5580000)
  object space 117248K, 99% used [0x0000000080000000,0x0000000087271d28,0x0000000087280000)
 Metaspace       used 69704K, committed 71296K, reserved 1114112K
  class space    used 7260K, committed 7936K, reserved 1048576K
}
Event: 13.986 GC heap before
{Heap before GC invocations=242 (full 3):
 PSYoungGen      total 22016K, used 21501K [0x00000000d5580000, 0x00000000d6d80000, 0x0000000100000000)
  eden space 19456K, 100% used [0x00000000d5580000,0x00000000d6880000,0x00000000d6880000)
  from space 2560K, 79% used [0x00000000d6b00000,0x00000000d6cff630,0x00000000d6d80000)
  to   space 2560K, 0% used [0x00000000d6880000,0x00000000d6880000,0x00000000d6b00000)
 ParOldGen       total 117248K, used 117191K [0x0000000080000000, 0x0000000087280000, 0x00000000d5580000)
  object space 117248K, 99% used [0x0000000080000000,0x0000000087271d28,0x0000000087280000)
 Metaspace       used 70338K, committed 71936K, reserved 1114112K
  class space    used 7294K, committed 8000K, reserved 1048576K
}
Event: 13.988 GC heap after
{Heap after GC invocations=242 (full 3):
 PSYoungGen      total 21504K, used 1722K [0x00000000d5580000, 0x00000000d6c80000, 0x0000000100000000)
  eden space 19456K, 0% used [0x00000000d5580000,0x00000000d5580000,0x00000000d6880000)
  from space 2048K, 84% used [0x00000000d6880000,0x00000000d6a2e900,0x00000000d6a80000)
  to   space 2048K, 0% used [0x00000000d6a80000,0x00000000d6a80000,0x00000000d6c80000)
 ParOldGen       total 119296K, used 118880K [0x0000000080000000, 0x0000000087480000, 0x00000000d5580000)
  object space 119296K, 99% used [0x0000000080000000,0x0000000087418228,0x0000000087480000)
 Metaspace       used 70338K, committed 71936K, reserved 1114112K
  class space    used 7294K, committed 8000K, reserved 1048576K
}
Event: 14.090 GC heap before
{Heap before GC invocations=243 (full 3):
 PSYoungGen      total 21504K, used 21178K [0x00000000d5580000, 0x00000000d6c80000, 0x0000000100000000)
  eden space 19456K, 100% used [0x00000000d5580000,0x00000000d6880000,0x00000000d6880000)
  from space 2048K, 84% used [0x00000000d6880000,0x00000000d6a2e900,0x00000000d6a80000)
  to   space 2048K, 0% used [0x00000000d6a80000,0x00000000d6a80000,0x00000000d6c80000)
 ParOldGen       total 119296K, used 118880K [0x0000000080000000, 0x0000000087480000, 0x00000000d5580000)
  object space 119296K, 99% used [0x0000000080000000,0x0000000087418228,0x0000000087480000)
 Metaspace       used 71025K, committed 72576K, reserved 1114112K
  class space    used 7344K, committed 8000K, reserved 1048576K
}
Event: 14.091 GC heap after
{Heap after GC invocations=243 (full 3):
 PSYoungGen      total 21504K, used 1702K [0x00000000d5580000, 0x00000000d6c80000, 0x0000000100000000)
  eden space 19456K, 0% used [0x00000000d5580000,0x00000000d5580000,0x00000000d6880000)
  from space 2048K, 83% used [0x00000000d6a80000,0x00000000d6c29a90,0x00000000d6c80000)
  to   space 2048K, 0% used [0x00000000d6880000,0x00000000d6880000,0x00000000d6a80000)
 ParOldGen       total 120320K, used 119946K [0x0000000080000000, 0x0000000087580000, 0x00000000d5580000)
  object space 120320K, 99% used [0x0000000080000000,0x0000000087522880,0x0000000087580000)
 Metaspace       used 71025K, committed 72576K, reserved 1114112K
  class space    used 7344K, committed 8000K, reserved 1048576K
}
Event: 14.165 GC heap before
{Heap before GC invocations=244 (full 3):
 PSYoungGen      total 21504K, used 21158K [0x00000000d5580000, 0x00000000d6c80000, 0x0000000100000000)
  eden space 19456K, 100% used [0x00000000d5580000,0x00000000d6880000,0x00000000d6880000)
  from space 2048K, 83% used [0x00000000d6a80000,0x00000000d6c29a90,0x00000000d6c80000)
  to   space 2048K, 0% used [0x00000000d6880000,0x00000000d6880000,0x00000000d6a80000)
 ParOldGen       total 120320K, used 119946K [0x0000000080000000, 0x0000000087580000, 0x00000000d5580000)
  object space 120320K, 99% used [0x0000000080000000,0x0000000087522880,0x0000000087580000)
 Metaspace       used 71380K, committed 72960K, reserved 1179648K
  class space    used 7353K, committed 8000K, reserved 1048576K
}
Event: 14.167 GC heap after
{Heap after GC invocations=244 (full 3):
 PSYoungGen      total 20480K, used 899K [0x00000000d5580000, 0x00000000d6b80000, 0x0000000100000000)
  eden space 19456K, 0% used [0x00000000d5580000,0x00000000d5580000,0x00000000d6880000)
  from space 1024K, 87% used [0x00000000d6880000,0x00000000d6960dc0,0x00000000d6980000)
  to   space 1536K, 0% used [0x00000000d6a00000,0x00000000d6a00000,0x00000000d6b80000)
 ParOldGen       total 120832K, used 120407K [0x0000000080000000, 0x0000000087600000, 0x00000000d5580000)
  object space 120832K, 99% used [0x0000000080000000,0x0000000087595c48,0x0000000087600000)
 Metaspace       used 71380K, committed 72960K, reserved 1179648K
  class space    used 7353K, committed 8000K, reserved 1048576K
}
Event: 14.237 GC heap before
{Heap before GC invocations=245 (full 3):
 PSYoungGen      total 20480K, used 20355K [0x00000000d5580000, 0x00000000d6b80000, 0x0000000100000000)
  eden space 19456K, 100% used [0x00000000d5580000,0x00000000d6880000,0x00000000d6880000)
  from space 1024K, 87% used [0x00000000d6880000,0x00000000d6960dc0,0x00000000d6980000)
  to   space 1536K, 0% used [0x00000000d6a00000,0x00000000d6a00000,0x00000000d6b80000)
 ParOldGen       total 120832K, used 120407K [0x0000000080000000, 0x0000000087600000, 0x00000000d5580000)
  object space 120832K, 99% used [0x0000000080000000,0x0000000087595c48,0x0000000087600000)
 Metaspace       used 71626K, committed 73152K, reserved 1179648K
  class space    used 7358K, committed 8000K, reserved 1048576K
}
Event: 14.238 GC heap after
{Heap after GC invocations=245 (full 3):
 PSYoungGen      total 20480K, used 864K [0x00000000d5580000, 0x00000000d6b00000, 0x0000000100000000)
  eden space 19456K, 0% used [0x00000000d5580000,0x00000000d5580000,0x00000000d6880000)
  from space 1024K, 84% used [0x00000000d6a00000,0x00000000d6ad8000,0x00000000d6b00000)
  to   space 1024K, 0% used [0x00000000d6880000,0x00000000d6880000,0x00000000d6980000)
 ParOldGen       total 120832K, used 120495K [0x0000000080000000, 0x0000000087600000, 0x00000000d5580000)
  object space 120832K, 99% used [0x0000000080000000,0x00000000875abc48,0x0000000087600000)
 Metaspace       used 71626K, committed 73152K, reserved 1179648K
  class space    used 7358K, committed 8000K, reserved 1048576K
}
Event: 14.318 GC heap before
{Heap before GC invocations=246 (full 3):
 PSYoungGen      total 20480K, used 20320K [0x00000000d5580000, 0x00000000d6b00000, 0x0000000100000000)
  eden space 19456K, 100% used [0x00000000d5580000,0x00000000d6880000,0x00000000d6880000)
  from space 1024K, 84% used [0x00000000d6a00000,0x00000000d6ad8000,0x00000000d6b00000)
  to   space 1024K, 0% used [0x00000000d6880000,0x00000000d6880000,0x00000000d6980000)
 ParOldGen       total 120832K, used 120495K [0x0000000080000000, 0x0000000087600000, 0x00000000d5580000)
  object space 120832K, 99% used [0x0000000080000000,0x00000000875abc48,0x0000000087600000)
 Metaspace       used 72156K, committed 73664K, reserved 1179648K
  class space    used 7399K, committed 8064K, reserved 1048576K
}
Event: 14.319 GC heap after
{Heap after GC invocations=246 (full 3):
 PSYoungGen      total 20480K, used 996K [0x00000000d5580000, 0x00000000d6c80000, 0x0000000100000000)
  eden space 19456K, 0% used [0x00000000d5580000,0x00000000d5580000,0x00000000d6880000)
  from space 1024K, 97% used [0x00000000d6880000,0x00000000d6979210,0x00000000d6980000)
  to   space 2048K, 0% used [0x00000000d6a80000,0x00000000d6a80000,0x00000000d6c80000)
 ParOldGen       total 121344K, used 121155K [0x0000000080000000, 0x0000000087680000, 0x00000000d5580000)
  object space 121344K, 99% used [0x0000000080000000,0x0000000087650e78,0x0000000087680000)
 Metaspace       used 72156K, committed 73664K, reserved 1179648K
  class space    used 7399K, committed 8064K, reserved 1048576K
}
Event: 67.256 GC heap before
{Heap before GC invocations=247 (full 3):
 PSYoungGen      total 20480K, used 20452K [0x00000000d5580000, 0x00000000d6c80000, 0x0000000100000000)
  eden space 19456K, 100% used [0x00000000d5580000,0x00000000d6880000,0x00000000d6880000)
  from space 1024K, 97% used [0x00000000d6880000,0x00000000d6979210,0x00000000d6980000)
  to   space 2048K, 0% used [0x00000000d6a80000,0x00000000d6a80000,0x00000000d6c80000)
 ParOldGen       total 121344K, used 121155K [0x0000000080000000, 0x0000000087680000, 0x00000000d5580000)
  object space 121344K, 99% used [0x0000000080000000,0x0000000087650e78,0x0000000087680000)
 Metaspace       used 72355K, committed 73984K, reserved 1179648K
  class space    used 7411K, committed 8128K, reserved 1048576K
}
Event: 67.294 GC heap after
{Heap after GC invocations=247 (full 3):
 PSYoungGen      total 19968K, used 2035K [0x00000000d5580000, 0x00000000d6f80000, 0x0000000100000000)
  eden space 17920K, 0% used [0x00000000d5580000,0x00000000d5580000,0x00000000d6700000)
  from space 2048K, 99% used [0x00000000d6a80000,0x00000000d6c7ce18,0x00000000d6c80000)
  to   space 3584K, 0% used [0x00000000d6700000,0x00000000d6700000,0x00000000d6a80000)
 ParOldGen       total 122368K, used 122238K [0x0000000080000000, 0x0000000087780000, 0x00000000d5580000)
  object space 122368K, 99% used [0x0000000080000000,0x000000008775fb90,0x0000000087780000)
 Metaspace       used 72355K, committed 73984K, reserved 1179648K
  class space    used 7411K, committed 8128K, reserved 1048576K
}
Event: 70.321 GC heap before
{Heap before GC invocations=248 (full 3):
 PSYoungGen      total 19968K, used 19955K [0x00000000d5580000, 0x00000000d6f80000, 0x0000000100000000)
  eden space 17920K, 100% used [0x00000000d5580000,0x00000000d6700000,0x00000000d6700000)
  from space 2048K, 99% used [0x00000000d6a80000,0x00000000d6c7ce18,0x00000000d6c80000)
  to   space 3584K, 0% used [0x00000000d6700000,0x00000000d6700000,0x00000000d6a80000)
 ParOldGen       total 122368K, used 122238K [0x0000000080000000, 0x0000000087780000, 0x00000000d5580000)
  object space 122368K, 99% used [0x0000000080000000,0x000000008775fb90,0x0000000087780000)
 Metaspace       used 72612K, committed 74240K, reserved 1179648K
  class space    used 7412K, committed 8128K, reserved 1048576K
}
Event: 70.322 GC heap after
{Heap after GC invocations=248 (full 3):
 PSYoungGen      total 18944K, used 720K [0x00000000d5580000, 0x00000000d6b00000, 0x0000000100000000)
  eden space 17920K, 0% used [0x00000000d5580000,0x00000000d5580000,0x00000000d6700000)
  from space 1024K, 70% used [0x00000000d6700000,0x00000000d67b4010,0x00000000d6800000)
  to   space 2048K, 0% used [0x00000000d6900000,0x00000000d6900000,0x00000000d6b00000)
 ParOldGen       total 124416K, used 124209K [0x0000000080000000, 0x0000000087980000, 0x00000000d5580000)
  object space 124416K, 99% used [0x0000000080000000,0x000000008794c7f8,0x0000000087980000)
 Metaspace       used 72612K, committed 74240K, reserved 1179648K
  class space    used 7412K, committed 8128K, reserved 1048576K
}

