# JRE version: OpenJDK Runtime Environment Temurin-21.0.10+7 (21.0.10+7) (build 21.0.10+7-LTS)
# Java VM: OpenJDK 64-Bit Server VM Temurin-21.0.10+7 (21.0.10+7-LTS, mixed mode, sharing, tiered, compressed oops, compressed class ptrs, parallel gc, windows-amd64)
GC Precious Log:
 CardTable entry size: 512
 CPUs: 16 total, 16 available
 Memory: 7811M
 Large Page Support: Disabled
 NUMA Support: Disabled
 Compressed Oops: Enabled (32-bit)
 Alignments: Space 512K, Generation 512K, Heap 2M
 Heap Min Capacity: 100M
 Heap Initial Capacity: 100M
 Heap Max Capacity: 2G
 Pre-touch: Disabled
 Parallel Workers: 13
Heap:
 PSYoungGen      total 4096K, used 3261K [0x00000000d5580000, 0x00000000d5a80000, 0x0000000100000000)
  eden space 3584K, 80% used [0x00000000d5580000,0x00000000d584f7f8,0x00000000d5900000)
  from space 512K, 75% used [0x00000000d5980000,0x00000000d59e0000,0x00000000d5a00000)
  to   space 512K, 0% used [0x00000000d5a00000,0x00000000d5a00000,0x00000000d5a80000)
 ParOldGen       total 395264K, used 252794K [0x0000000080000000, 0x0000000098200000, 0x00000000d5580000)
  object space 395264K, 63% used [0x0000000080000000,0x000000008f6dead0,0x0000000098200000)
 Metaspace       used 85071K, committed 86912K, reserved 1179648K
  class space    used 8814K, committed 9664K, reserved 1048576K
GC Heap History (20 events):
Event: 398.715 GC heap before
{Heap before GC invocations=697 (full 4):
 PSYoungGen      total 4096K, used 3872K [0x00000000d5580000, 0x00000000d5a80000, 0x0000000100000000)
  eden space 3584K, 100% used [0x00000000d5580000,0x00000000d5900000,0x00000000d5900000)
  from space 512K, 56% used [0x00000000d5a00000,0x00000000d5a48000,0x00000000d5a80000)
  to   space 512K, 0% used [0x00000000d5980000,0x00000000d5980000,0x00000000d5a00000)
 ParOldGen       total 395264K, used 249957K [0x0000000080000000, 0x0000000098200000, 0x00000000d5580000)
  object space 395264K, 63% used [0x0000000080000000,0x000000008f4196a0,0x0000000098200000)
 Metaspace       used 84866K, committed 86720K, reserved 1179648K
  class space    used 8798K, committed 9664K, reserved 1048576K
}
Event: 398.716 GC heap after
{Heap after GC invocations=697 (full 4):
 PSYoungGen      total 4096K, used 320K [0x00000000d5580000, 0x00000000d5a80000, 0x0000000100000000)
  eden space 3584K, 0% used [0x00000000d5580000,0x00000000d5580000,0x00000000d5900000)
  from space 512K, 62% used [0x00000000d5980000,0x00000000d59d0000,0x00000000d5a00000)
  to   space 512K, 0% used [0x00000000d5a00000,0x00000000d5a00000,0x00000000d5a80000)
 ParOldGen       total 395264K, used 250021K [0x0000000080000000, 0x0000000098200000, 0x00000000d5580000)
  object space 395264K, 63% used [0x0000000080000000,0x000000008f4296a0,0x0000000098200000)
 Metaspace       used 84866K, committed 86720K, reserved 1179648K
  class space    used 8798K, committed 9664K, reserved 1048576K
}
Event: 398.719 GC heap before
{Heap before GC invocations=698 (full 4):
 PSYoungGen      total 4096K, used 3904K [0x00000000d5580000, 0x00000000d5a80000, 0x0000000100000000)
  eden space 3584K, 100% used [0x00000000d5580000,0x00000000d5900000,0x00000000d5900000)
  from space 512K, 62% used [0x00000000d5980000,0x00000000d59d0000,0x00000000d5a00000)
  to   space 512K, 0% used [0x00000000d5a00000,0x00000000d5a00000,0x00000000d5a80000)
 ParOldGen       total 395264K, used 250021K [0x0000000080000000, 0x0000000098200000, 0x00000000d5580000)
  object space 395264K, 63% used [0x0000000080000000,0x000000008f4296a0,0x0000000098200000)
 Metaspace       used 84867K, committed 86720K, reserved 1179648K
  class space    used 8798K, committed 9664K, reserved 1048576K
}
Event: 398.720 GC heap after
{Heap after GC invocations=698 (full 4):
 PSYoungGen      total 4096K, used 224K [0x00000000d5580000, 0x00000000d5a80000, 0x0000000100000000)
  eden space 3584K, 0% used [0x00000000d5580000,0x00000000d5580000,0x00000000d5900000)
  from space 512K, 43% used [0x00000000d5a00000,0x00000000d5a38000,0x00000000d5a80000)
  to   space 512K, 0% used [0x00000000d5980000,0x00000000d5980000,0x00000000d5a00000)
 ParOldGen       total 395264K, used 250109K [0x0000000080000000, 0x0000000098200000, 0x00000000d5580000)
  object space 395264K, 63% used [0x0000000080000000,0x000000008f43f6a0,0x0000000098200000)
 Metaspace       used 84867K, committed 86720K, reserved 1179648K
  class space    used 8798K, committed 9664K, reserved 1048576K
}
Event: 398.902 GC heap before
{Heap before GC invocations=699 (full 4):
 PSYoungGen      total 4096K, used 3808K [0x00000000d5580000, 0x00000000d5a80000, 0x0000000100000000)
  eden space 3584K, 100% used [0x00000000d5580000,0x00000000d5900000,0x00000000d5900000)
  from space 512K, 43% used [0x00000000d5a00000,0x00000000d5a38000,0x00000000d5a80000)
  to   space 512K, 0% used [0x00000000d5980000,0x00000000d5980000,0x00000000d5a00000)
 ParOldGen       total 395264K, used 250109K [0x0000000080000000, 0x0000000098200000, 0x00000000d5580000)
  object space 395264K, 63% used [0x0000000080000000,0x000000008f43f6a0,0x0000000098200000)
 Metaspace       used 84871K, committed 86720K, reserved 1179648K
  class space    used 8798K, committed 9664K, reserved 1048576K
}
Event: 398.905 GC heap after
{Heap after GC invocations=699 (full 4):
 PSYoungGen      total 4096K, used 442K [0x00000000d5580000, 0x00000000d5a80000, 0x0000000100000000)
  eden space 3584K, 0% used [0x00000000d5580000,0x00000000d5580000,0x00000000d5900000)
  from space 512K, 86% used [0x00000000d5980000,0x00000000d59ee900,0x00000000d5a00000)
  to   space 512K, 0% used [0x00000000d5a00000,0x00000000d5a00000,0x00000000d5a80000)
 ParOldGen       total 395264K, used 250189K [0x0000000080000000, 0x0000000098200000, 0x00000000d5580000)
  object space 395264K, 63% used [0x0000000080000000,0x000000008f4536a0,0x0000000098200000)
 Metaspace       used 84871K, committed 86720K, reserved 1179648K
  class space    used 8798K, committed 9664K, reserved 1048576K
}
Event: 398.949 GC heap before
{Heap before GC invocations=700 (full 4):
 PSYoungGen      total 4096K, used 4026K [0x00000000d5580000, 0x00000000d5a80000, 0x0000000100000000)
  eden space 3584K, 100% used [0x00000000d5580000,0x00000000d5900000,0x00000000d5900000)
  from space 512K, 86% used [0x00000000d5980000,0x00000000d59ee900,0x00000000d5a00000)
  to   space 512K, 0% used [0x00000000d5a00000,0x00000000d5a00000,0x00000000d5a80000)
 ParOldGen       total 395264K, used 250189K [0x0000000080000000, 0x0000000098200000, 0x00000000d5580000)
  object space 395264K, 63% used [0x0000000080000000,0x000000008f4536a0,0x0000000098200000)
 Metaspace       used 84877K, committed 86720K, reserved 1179648K
  class space    used 8798K, committed 9664K, reserved 1048576K
}
Event: 398.951 GC heap after
{Heap after GC invocations=700 (full 4):
 PSYoungGen      total 4096K, used 512K [0x00000000d5580000, 0x00000000d5b00000, 0x0000000100000000)
  eden space 3584K, 0% used [0x00000000d5580000,0x00000000d5580000,0x00000000d5900000)
  from space 512K, 100% used [0x00000000d5a00000,0x00000000d5a80000,0x00000000d5a80000)
  to   space 1024K, 0% used [0x00000000d5900000,0x00000000d5900000,0x00000000d5a00000)
 ParOldGen       total 395264K, used 250532K [0x0000000080000000, 0x0000000098200000, 0x00000000d5580000)
  object space 395264K, 63% used [0x0000000080000000,0x000000008f4a91c0,0x0000000098200000)
 Metaspace       used 84877K, committed 86720K, reserved 1179648K
  class space    used 8798K, committed 9664K, reserved 1048576K
}
Event: 398.986 GC heap before
{Heap before GC invocations=701 (full 4):
 PSYoungGen      total 4096K, used 4096K [0x00000000d5580000, 0x00000000d5b00000, 0x0000000100000000)
  eden space 3584K, 100% used [0x00000000d5580000,0x00000000d5900000,0x00000000d5900000)
  from space 512K, 100% used [0x00000000d5a00000,0x00000000d5a80000,0x00000000d5a80000)
  to   space 1024K, 0% used [0x00000000d5900000,0x00000000d5900000,0x00000000d5a00000)
 ParOldGen       total 395264K, used 250532K [0x0000000080000000, 0x0000000098200000, 0x00000000d5580000)
  object space 395264K, 63% used [0x0000000080000000,0x000000008f4a91c0,0x0000000098200000)
 Metaspace       used 84883K, committed 86720K, reserved 1179648K
  class space    used 8798K, committed 9664K, reserved 1048576K
}
Event: 398.989 GC heap after
{Heap after GC invocations=701 (full 4):
 PSYoungGen      total 4608K, used 794K [0x00000000d5580000, 0x00000000d5b00000, 0x0000000100000000)
  eden space 3584K, 0% used [0x00000000d5580000,0x00000000d5580000,0x00000000d5900000)
  from space 1024K, 77% used [0x00000000d5900000,0x00000000d59c6900,0x00000000d5a00000)
  to   space 1024K, 0% used [0x00000000d5a00000,0x00000000d5a00000,0x00000000d5b00000)
 ParOldGen       total 395264K, used 251030K [0x0000000080000000, 0x0000000098200000, 0x00000000d5580000)
  object space 395264K, 63% used [0x0000000080000000,0x000000008f525ad0,0x0000000098200000)
 Metaspace       used 84883K, committed 86720K, reserved 1179648K
  class space    used 8798K, committed 9664K, reserved 1048576K
}
Event: 398.992 GC heap before
{Heap before GC invocations=702 (full 4):
 PSYoungGen      total 4608K, used 4378K [0x00000000d5580000, 0x00000000d5b00000, 0x0000000100000000)
  eden space 3584K, 100% used [0x00000000d5580000,0x00000000d5900000,0x00000000d5900000)
  from space 1024K, 77% used [0x00000000d5900000,0x00000000d59c6900,0x00000000d5a00000)
  to   space 1024K, 0% used [0x00000000d5a00000,0x00000000d5a00000,0x00000000d5b00000)
 ParOldGen       total 395264K, used 251030K [0x0000000080000000, 0x0000000098200000, 0x00000000d5580000)
  object space 395264K, 63% used [0x0000000080000000,0x000000008f525ad0,0x0000000098200000)
 Metaspace       used 84883K, committed 86720K, reserved 1179648K
  class space    used 8798K, committed 9664K, reserved 1048576K
}
Event: 398.995 GC heap after
{Heap after GC invocations=702 (full 4):
 PSYoungGen      total 4608K, used 736K [0x00000000d5580000, 0x00000000d5b00000, 0x0000000100000000)
  eden space 3584K, 0% used [0x00000000d5580000,0x00000000d5580000,0x00000000d5900000)
  from space 1024K, 71% used [0x00000000d5a00000,0x00000000d5ab8000,0x00000000d5b00000)
  to   space 1024K, 0% used [0x00000000d5900000,0x00000000d5900000,0x00000000d5a00000)
 ParOldGen       total 395264K, used 251607K [0x0000000080000000, 0x0000000098200000, 0x00000000d5580000)
  object space 395264K, 63% used [0x0000000080000000,0x000000008f5b5c00,0x0000000098200000)
 Metaspace       used 84883K, committed 86720K, reserved 1179648K
  class space    used 8798K, committed 9664K, reserved 1048576K
}
Event: 399.425 GC heap before
{Heap before GC invocations=703 (full 4):
 PSYoungGen      total 4608K, used 4320K [0x00000000d5580000, 0x00000000d5b00000, 0x0000000100000000)
  eden space 3584K, 100% used [0x00000000d5580000,0x00000000d5900000,0x00000000d5900000)
  from space 1024K, 71% used [0x00000000d5a00000,0x00000000d5ab8000,0x00000000d5b00000)
  to   space 1024K, 0% used [0x00000000d5900000,0x00000000d5900000,0x00000000d5a00000)
 ParOldGen       total 395264K, used 251607K [0x0000000080000000, 0x0000000098200000, 0x00000000d5580000)
  object space 395264K, 63% used [0x0000000080000000,0x000000008f5b5c00,0x0000000098200000)
 Metaspace       used 84968K, committed 86848K, reserved 1179648K
  class space    used 8805K, committed 9664K, reserved 1048576K
}
Event: 399.428 GC heap after
{Heap after GC invocations=703 (full 4):
 PSYoungGen      total 4608K, used 576K [0x00000000d5580000, 0x00000000d5b00000, 0x0000000100000000)
  eden space 3584K, 0% used [0x00000000d5580000,0x00000000d5580000,0x00000000d5900000)
  from space 1024K, 56% used [0x00000000d5900000,0x00000000d5990000,0x00000000d5a00000)
  to   space 1024K, 0% used [0x00000000d5a00000,0x00000000d5a00000,0x00000000d5b00000)
 ParOldGen       total 395264K, used 252183K [0x0000000080000000, 0x0000000098200000, 0x00000000d5580000)
  object space 395264K, 63% used [0x0000000080000000,0x000000008f645c20,0x0000000098200000)
 Metaspace       used 84968K, committed 86848K, reserved 1179648K
  class space    used 8805K, committed 9664K, reserved 1048576K
}
Event: 399.471 GC heap before
{Heap before GC invocations=704 (full 4):
 PSYoungGen      total 4608K, used 4160K [0x00000000d5580000, 0x00000000d5b00000, 0x0000000100000000)
  eden space 3584K, 100% used [0x00000000d5580000,0x00000000d5900000,0x00000000d5900000)
  from space 1024K, 56% used [0x00000000d5900000,0x00000000d5990000,0x00000000d5a00000)
  to   space 1024K, 0% used [0x00000000d5a00000,0x00000000d5a00000,0x00000000d5b00000)
 ParOldGen       total 395264K, used 252183K [0x0000000080000000, 0x0000000098200000, 0x00000000d5580000)
  object space 395264K, 63% used [0x0000000080000000,0x000000008f645c20,0x0000000098200000)
 Metaspace       used 84989K, committed 86848K, reserved 1179648K
  class space    used 8805K, committed 9664K, reserved 1048576K
}
Event: 399.473 GC heap after
{Heap after GC invocations=704 (full 4):
 PSYoungGen      total 4096K, used 346K [0x00000000d5580000, 0x00000000d5a80000, 0x0000000100000000)
  eden space 3584K, 0% used [0x00000000d5580000,0x00000000d5580000,0x00000000d5900000)
  from space 512K, 67% used [0x00000000d5a00000,0x00000000d5a56900,0x00000000d5a80000)
  to   space 512K, 0% used [0x00000000d5980000,0x00000000d5980000,0x00000000d5a00000)
 ParOldGen       total 395264K, used 252546K [0x0000000080000000, 0x0000000098200000, 0x00000000d5580000)
  object space 395264K, 63% used [0x0000000080000000,0x000000008f6a0ad0,0x0000000098200000)
 Metaspace       used 84989K, committed 86848K, reserved 1179648K
  class space    used 8805K, committed 9664K, reserved 1048576K
}
Event: 399.491 GC heap before
{Heap before GC invocations=705 (full 4):
 PSYoungGen      total 4096K, used 3929K [0x00000000d5580000, 0x00000000d5a80000, 0x0000000100000000)
  eden space 3584K, 99% used [0x00000000d5580000,0x00000000d58ffee0,0x00000000d5900000)
  from space 512K, 67% used [0x00000000d5a00000,0x00000000d5a56900,0x00000000d5a80000)
  to   space 512K, 0% used [0x00000000d5980000,0x00000000d5980000,0x00000000d5a00000)
 ParOldGen       total 395264K, used 252546K [0x0000000080000000, 0x0000000098200000, 0x00000000d5580000)
  object space 395264K, 63% used [0x0000000080000000,0x000000008f6a0ad0,0x0000000098200000)
 Metaspace       used 84992K, committed 86848K, reserved 1179648K
  class space    used 8805K, committed 9664K, reserved 1048576K
}
Event: 399.493 GC heap after
{Heap after GC invocations=705 (full 4):
 PSYoungGen      total 4096K, used 320K [0x00000000d5580000, 0x00000000d5a80000, 0x0000000100000000)
  eden space 3584K, 0% used [0x00000000d5580000,0x00000000d5580000,0x00000000d5900000)
  from space 512K, 62% used [0x00000000d5980000,0x00000000d59d0000,0x00000000d5a00000)
  to   space 512K, 0% used [0x00000000d5a00000,0x00000000d5a00000,0x00000000d5a80000)
 ParOldGen       total 395264K, used 252626K [0x0000000080000000, 0x0000000098200000, 0x00000000d5580000)
  object space 395264K, 63% used [0x0000000080000000,0x000000008f6b4ad0,0x0000000098200000)
 Metaspace       used 84992K, committed 86848K, reserved 1179648K
  class space    used 8805K, committed 9664K, reserved 1048576K
}
Event: 399.939 GC heap before
{Heap before GC invocations=706 (full 4):
 PSYoungGen      total 4096K, used 3904K [0x00000000d5580000, 0x00000000d5a80000, 0x0000000100000000)
  eden space 3584K, 100% used [0x00000000d5580000,0x00000000d5900000,0x00000000d5900000)
  from space 512K, 62% used [0x00000000d5980000,0x00000000d59d0000,0x00000000d5a00000)
  to   space 512K, 0% used [0x00000000d5a00000,0x00000000d5a00000,0x00000000d5a80000)
 ParOldGen       total 395264K, used 252626K [0x0000000080000000, 0x0000000098200000, 0x00000000d5580000)
  object space 395264K, 63% used [0x0000000080000000,0x000000008f6b4ad0,0x0000000098200000)
 Metaspace       used 85013K, committed 86848K, reserved 1179648K
  class space    used 8811K, committed 9664K, reserved 1048576K
}
Event: 399.941 GC heap after
{Heap after GC invocations=706 (full 4):
 PSYoungGen      total 4096K, used 384K [0x00000000d5580000, 0x00000000d5a80000, 0x0000000100000000)
  eden space 3584K, 0% used [0x00000000d5580000,0x00000000d5580000,0x00000000d5900000)
  from space 512K, 75% used [0x00000000d5a00000,0x00000000d5a60000,0x00000000d5a80000)
  to   space 512K, 0% used [0x00000000d5980000,0x00000000d5980000,0x00000000d5a00000)
 ParOldGen       total 395264K, used 252706K [0x0000000080000000, 0x0000000098200000, 0x00000000d5580000)
  object space 395264K, 63% used [0x0000000080000000,0x000000008f6c8ad0,0x0000000098200000)
 Metaspace       used 85013K, committed 86848K, reserved 1179648K
  class space    used 8811K, committed 9664K, reserved 1048576K
}

