# JRE version: OpenJDK Runtime Environment Temurin-21.0.10+7 (21.0.10+7) (build 21.0.10+7-LTS)
# Java VM: OpenJDK 64-Bit Server VM Temurin-21.0.10+7 (21.0.10+7-LTS, mixed mode, sharing, tiered, compressed oops, compressed class ptrs, parallel gc, windows-amd64)
GC Precious Log:
 CardTable entry size: 512
 CPUs: 16 total, 16 available
 Memory: 7811M
 Large Page Support: Disabled
 NUMA Support: Disabled
 Compressed Oops: Enabled (32-bit)
 Alignments: Space 512K, Generation 512K, Heap 2M
 Heap Min Capacity: 100M
 Heap Initial Capacity: 100M
 Heap Max Capacity: 2G
 Pre-touch: Disabled
 Parallel Workers: 13
Heap:
 PSYoungGen      total 6144K, used 1402K [0x00000000d5580000, 0x00000000d5d00000, 0x0000000100000000)
  eden space 4608K, 6% used [0x00000000d5580000,0x00000000d55cebb0,0x00000000d5a00000)
  from space 1536K, 71% used [0x00000000d5a00000,0x00000000d5b13090,0x00000000d5b80000)
  to   space 1536K, 0% used [0x00000000d5b80000,0x00000000d5b80000,0x00000000d5d00000)
 ParOldGen       total 464896K, used 464487K [0x0000000080000000, 0x000000009c600000, 0x00000000d5580000)
  object space 464896K, 99% used [0x0000000080000000,0x000000009c599e00,0x000000009c600000)
 Metaspace       used 81573K, committed 83520K, reserved 1179648K
  class space    used 8515K, committed 9408K, reserved 1048576K
GC Heap History (20 events):
Event: 1130.535 GC heap before
{Heap before GC invocations=287 (full 3):
 PSYoungGen      total 4096K, used 3994K [0x00000000d5580000, 0x00000000d5b00000, 0x0000000100000000)
  eden space 3584K, 100% used [0x00000000d5580000,0x00000000d5900000,0x00000000d5900000)
  from space 512K, 80% used [0x00000000d5a00000,0x00000000d5a66900,0x00000000d5a80000)
  to   space 512K, 0% used [0x00000000d5a80000,0x00000000d5a80000,0x00000000d5b00000)
 ParOldGen       total 453632K, used 453130K [0x0000000080000000, 0x000000009bb00000, 0x00000000d5580000)
  object space 453632K, 99% used [0x0000000080000000,0x000000009ba82bb0,0x000000009bb00000)
 Metaspace       used 81526K, committed 83456K, reserved 1179648K
  class space    used 8515K, committed 9408K, reserved 1048576K
}
Event: 1130.536 GC heap after
{Heap after GC invocations=287 (full 3):
 PSYoungGen      total 4096K, used 512K [0x00000000d5580000, 0x00000000d5b00000, 0x0000000100000000)
  eden space 3584K, 0% used [0x00000000d5580000,0x00000000d5580000,0x00000000d5900000)
  from space 512K, 100% used [0x00000000d5a80000,0x00000000d5b00000,0x00000000d5b00000)
  to   space 1024K, 0% used [0x00000000d5900000,0x00000000d5900000,0x00000000d5a00000)
 ParOldGen       total 453632K, used 453407K [0x0000000080000000, 0x000000009bb00000, 0x00000000d5580000)
  object space 453632K, 99% used [0x0000000080000000,0x000000009bac7dc0,0x000000009bb00000)
 Metaspace       used 81526K, committed 83456K, reserved 1179648K
  class space    used 8515K, committed 9408K, reserved 1048576K
}
Event: 1131.359 GC heap before
{Heap before GC invocations=288 (full 3):
 PSYoungGen      total 4096K, used 4096K [0x00000000d5580000, 0x00000000d5b00000, 0x0000000100000000)
  eden space 3584K, 100% used [0x00000000d5580000,0x00000000d5900000,0x00000000d5900000)
  from space 512K, 100% used [0x00000000d5a80000,0x00000000d5b00000,0x00000000d5b00000)
  to   space 1024K, 0% used [0x00000000d5900000,0x00000000d5900000,0x00000000d5a00000)
 ParOldGen       total 453632K, used 453407K [0x0000000080000000, 0x000000009bb00000, 0x00000000d5580000)
  object space 453632K, 99% used [0x0000000080000000,0x000000009bac7dc0,0x000000009bb00000)
 Metaspace       used 81532K, committed 83456K, reserved 1179648K
  class space    used 8515K, committed 9408K, reserved 1048576K
}
Event: 1131.360 GC heap after
{Heap after GC invocations=288 (full 3):
 PSYoungGen      total 4608K, used 820K [0x00000000d5580000, 0x00000000d5b00000, 0x0000000100000000)
  eden space 3584K, 0% used [0x00000000d5580000,0x00000000d5580000,0x00000000d5900000)
  from space 1024K, 80% used [0x00000000d5900000,0x00000000d59cd200,0x00000000d5a00000)
  to   space 1024K, 0% used [0x00000000d5a00000,0x00000000d5a00000,0x00000000d5b00000)
 ParOldGen       total 454144K, used 453831K [0x0000000080000000, 0x000000009bb80000, 0x00000000d5580000)
  object space 454144K, 99% used [0x0000000080000000,0x000000009bb31dd0,0x000000009bb80000)
 Metaspace       used 81532K, committed 83456K, reserved 1179648K
  class space    used 8515K, committed 9408K, reserved 1048576K
}
Event: 1131.369 GC heap before
{Heap before GC invocations=289 (full 3):
 PSYoungGen      total 4608K, used 4404K [0x00000000d5580000, 0x00000000d5b00000, 0x0000000100000000)
  eden space 3584K, 100% used [0x00000000d5580000,0x00000000d5900000,0x00000000d5900000)
  from space 1024K, 80% used [0x00000000d5900000,0x00000000d59cd200,0x00000000d5a00000)
  to   space 1024K, 0% used [0x00000000d5a00000,0x00000000d5a00000,0x00000000d5b00000)
 ParOldGen       total 454144K, used 453831K [0x0000000080000000, 0x000000009bb80000, 0x00000000d5580000)
  object space 454144K, 99% used [0x0000000080000000,0x000000009bb31dd0,0x000000009bb80000)
 Metaspace       used 81534K, committed 83456K, reserved 1179648K
  class space    used 8515K, committed 9408K, reserved 1048576K
}
Event: 1131.370 GC heap after
{Heap after GC invocations=289 (full 3):
 PSYoungGen      total 4608K, used 544K [0x00000000d5580000, 0x00000000d5b00000, 0x0000000100000000)
  eden space 3584K, 0% used [0x00000000d5580000,0x00000000d5580000,0x00000000d5900000)
  from space 1024K, 53% used [0x00000000d5a00000,0x00000000d5a88000,0x00000000d5b00000)
  to   space 1024K, 0% used [0x00000000d5900000,0x00000000d5900000,0x00000000d5a00000)
 ParOldGen       total 454656K, used 454464K [0x0000000080000000, 0x000000009bc00000, 0x00000000d5580000)
  object space 454656K, 99% used [0x0000000080000000,0x000000009bbd03c0,0x000000009bc00000)
 Metaspace       used 81534K, committed 83456K, reserved 1179648K
  class space    used 8515K, committed 9408K, reserved 1048576K
}
Event: 1131.377 GC heap before
{Heap before GC invocations=290 (full 3):
 PSYoungGen      total 4608K, used 4128K [0x00000000d5580000, 0x00000000d5b00000, 0x0000000100000000)
  eden space 3584K, 100% used [0x00000000d5580000,0x00000000d5900000,0x00000000d5900000)
  from space 1024K, 53% used [0x00000000d5a00000,0x00000000d5a88000,0x00000000d5b00000)
  to   space 1024K, 0% used [0x00000000d5900000,0x00000000d5900000,0x00000000d5a00000)
 ParOldGen       total 454656K, used 454464K [0x0000000080000000, 0x000000009bc00000, 0x00000000d5580000)
  object space 454656K, 99% used [0x0000000080000000,0x000000009bbd03c0,0x000000009bc00000)
 Metaspace       used 81534K, committed 83456K, reserved 1179648K
  class space    used 8515K, committed 9408K, reserved 1048576K
}
Event: 1131.379 GC heap after
{Heap after GC invocations=290 (full 3):
 PSYoungGen      total 4608K, used 1004K [0x00000000d5580000, 0x00000000d6100000, 0x0000000100000000)
  eden space 3584K, 0% used [0x00000000d5580000,0x00000000d5580000,0x00000000d5900000)
  from space 1024K, 98% used [0x00000000d5900000,0x00000000d59fb090,0x00000000d5a00000)
  to   space 4096K, 0% used [0x00000000d5d00000,0x00000000d5d00000,0x00000000d6100000)
 ParOldGen       total 457216K, used 456745K [0x0000000080000000, 0x000000009be80000, 0x00000000d5580000)
  object space 457216K, 99% used [0x0000000080000000,0x000000009be0a7e0,0x000000009be80000)
 Metaspace       used 81534K, committed 83456K, reserved 1179648K
  class space    used 8515K, committed 9408K, reserved 1048576K
}
Event: 1131.385 GC heap before
{Heap before GC invocations=291 (full 3):
 PSYoungGen      total 4608K, used 4588K [0x00000000d5580000, 0x00000000d6100000, 0x0000000100000000)
  eden space 3584K, 99% used [0x00000000d5580000,0x00000000d58fffc0,0x00000000d5900000)
  from space 1024K, 98% used [0x00000000d5900000,0x00000000d59fb090,0x00000000d5a00000)
  to   space 4096K, 0% used [0x00000000d5d00000,0x00000000d5d00000,0x00000000d6100000)
 ParOldGen       total 457216K, used 456745K [0x0000000080000000, 0x000000009be80000, 0x00000000d5580000)
  object space 457216K, 99% used [0x0000000080000000,0x000000009be0a7e0,0x000000009be80000)
 Metaspace       used 81534K, committed 83456K, reserved 1179648K
  class space    used 8515K, committed 9408K, reserved 1048576K
}
Event: 1131.386 GC heap after
{Heap after GC invocations=291 (full 3):
 PSYoungGen      total 6144K, used 2220K [0x00000000d5580000, 0x00000000d5f80000, 0x0000000100000000)
  eden space 3584K, 0% used [0x00000000d5580000,0x00000000d5580000,0x00000000d5900000)
  from space 2560K, 86% used [0x00000000d5d00000,0x00000000d5f2b090,0x00000000d5f80000)
  to   space 3072K, 0% used [0x00000000d5980000,0x00000000d5980000,0x00000000d5c80000)
 ParOldGen       total 457216K, used 456817K [0x0000000080000000, 0x000000009be80000, 0x00000000d5580000)
  object space 457216K, 99% used [0x0000000080000000,0x000000009be1c7e0,0x000000009be80000)
 Metaspace       used 81534K, committed 83456K, reserved 1179648K
  class space    used 8515K, committed 9408K, reserved 1048576K
}
Event: 1131.393 GC heap before
{Heap before GC invocations=292 (full 3):
 PSYoungGen      total 6144K, used 5804K [0x00000000d5580000, 0x00000000d5f80000, 0x0000000100000000)
  eden space 3584K, 100% used [0x00000000d5580000,0x00000000d5900000,0x00000000d5900000)
  from space 2560K, 86% used [0x00000000d5d00000,0x00000000d5f2b090,0x00000000d5f80000)
  to   space 3072K, 0% used [0x00000000d5980000,0x00000000d5980000,0x00000000d5c80000)
 ParOldGen       total 457216K, used 456817K [0x0000000080000000, 0x000000009be80000, 0x00000000d5580000)
  object space 457216K, 99% used [0x0000000080000000,0x000000009be1c7e0,0x000000009be80000)
 Metaspace       used 81535K, committed 83456K, reserved 1179648K
  class space    used 8515K, committed 9408K, reserved 1048576K
}
Event: 1131.394 GC heap after
{Heap after GC invocations=292 (full 3):
 PSYoungGen      total 4608K, used 544K [0x00000000d5580000, 0x00000000d5d80000, 0x0000000100000000)
  eden space 3584K, 0% used [0x00000000d5580000,0x00000000d5580000,0x00000000d5900000)
  from space 1024K, 53% used [0x00000000d5980000,0x00000000d5a08000,0x00000000d5a80000)
  to   space 1536K, 0% used [0x00000000d5c00000,0x00000000d5c00000,0x00000000d5d80000)
 ParOldGen       total 457216K, used 456841K [0x0000000080000000, 0x000000009be80000, 0x00000000d5580000)
  object space 457216K, 99% used [0x0000000080000000,0x000000009be227e0,0x000000009be80000)
 Metaspace       used 81535K, committed 83456K, reserved 1179648K
  class space    used 8515K, committed 9408K, reserved 1048576K
}
Event: 1131.399 GC heap before
{Heap before GC invocations=293 (full 3):
 PSYoungGen      total 4608K, used 4128K [0x00000000d5580000, 0x00000000d5d80000, 0x0000000100000000)
  eden space 3584K, 100% used [0x00000000d5580000,0x00000000d5900000,0x00000000d5900000)
  from space 1024K, 53% used [0x00000000d5980000,0x00000000d5a08000,0x00000000d5a80000)
  to   space 1536K, 0% used [0x00000000d5c00000,0x00000000d5c00000,0x00000000d5d80000)
 ParOldGen       total 457216K, used 456841K [0x0000000080000000, 0x000000009be80000, 0x00000000d5580000)
  object space 457216K, 99% used [0x0000000080000000,0x000000009be227e0,0x000000009be80000)
 Metaspace       used 81535K, committed 83456K, reserved 1179648K
  class space    used 8515K, committed 9408K, reserved 1048576K
}
Event: 1131.400 GC heap after
{Heap after GC invocations=293 (full 3):
 PSYoungGen      total 4096K, used 512K [0x00000000d5580000, 0x00000000d5c80000, 0x0000000100000000)
  eden space 3584K, 0% used [0x00000000d5580000,0x00000000d5580000,0x00000000d5900000)
  from space 512K, 100% used [0x00000000d5c00000,0x00000000d5c80000,0x00000000d5c80000)
  to   space 1024K, 0% used [0x00000000d5a80000,0x00000000d5a80000,0x00000000d5b80000)
 ParOldGen       total 457216K, used 457206K [0x0000000080000000, 0x000000009be80000, 0x00000000d5580000)
  object space 457216K, 99% used [0x0000000080000000,0x000000009be7d9e0,0x000000009be80000)
 Metaspace       used 81535K, committed 83456K, reserved 1179648K
  class space    used 8515K, committed 9408K, reserved 1048576K
}
Event: 1131.408 GC heap before
{Heap before GC invocations=294 (full 3):
 PSYoungGen      total 4096K, used 4095K [0x00000000d5580000, 0x00000000d5c80000, 0x0000000100000000)
  eden space 3584K, 99% used [0x00000000d5580000,0x00000000d58fffc0,0x00000000d5900000)
  from space 512K, 100% used [0x00000000d5c00000,0x00000000d5c80000,0x00000000d5c80000)
  to   space 1024K, 0% used [0x00000000d5a80000,0x00000000d5a80000,0x00000000d5b80000)
 ParOldGen       total 457216K, used 457206K [0x0000000080000000, 0x000000009be80000, 0x00000000d5580000)
  object space 457216K, 99% used [0x0000000080000000,0x000000009be7d9e0,0x000000009be80000)
 Metaspace       used 81535K, committed 83456K, reserved 1179648K
  class space    used 8515K, committed 9408K, reserved 1048576K
}
Event: 1131.409 GC heap after
{Heap after GC invocations=294 (full 3):
 PSYoungGen      total 4608K, used 1004K [0x00000000d5580000, 0x00000000d5f00000, 0x0000000100000000)
  eden space 3584K, 0% used [0x00000000d5580000,0x00000000d5580000,0x00000000d5900000)
  from space 1024K, 98% used [0x00000000d5a80000,0x00000000d5b7b090,0x00000000d5b80000)
  to   space 3072K, 0% used [0x00000000d5c00000,0x00000000d5c00000,0x00000000d5f00000)
 ParOldGen       total 458752K, used 458750K [0x0000000080000000, 0x000000009c000000, 0x00000000d5580000)
  object space 458752K, 99% used [0x0000000080000000,0x000000009bfffa20,0x000000009c000000)
 Metaspace       used 81535K, committed 83456K, reserved 1179648K
  class space    used 8515K, committed 9408K, reserved 1048576K
}
Event: 1131.415 GC heap before
{Heap before GC invocations=295 (full 3):
 PSYoungGen      total 4608K, used 4588K [0x00000000d5580000, 0x00000000d5f00000, 0x0000000100000000)
  eden space 3584K, 100% used [0x00000000d5580000,0x00000000d5900000,0x00000000d5900000)
  from space 1024K, 98% used [0x00000000d5a80000,0x00000000d5b7b090,0x00000000d5b80000)
  to   space 3072K, 0% used [0x00000000d5c00000,0x00000000d5c00000,0x00000000d5f00000)
 ParOldGen       total 458752K, used 458750K [0x0000000080000000, 0x000000009c000000, 0x00000000d5580000)
  object space 458752K, 99% used [0x0000000080000000,0x000000009bfffa20,0x000000009c000000)
 Metaspace       used 81535K, committed 83456K, reserved 1179648K
  class space    used 8515K, committed 9408K, reserved 1048576K
}
Event: 1131.416 GC heap after
{Heap after GC invocations=295 (full 3):
 PSYoungGen      total 5632K, used 1836K [0x00000000d5580000, 0x00000000d5e00000, 0x0000000100000000)
  eden space 3584K, 0% used [0x00000000d5580000,0x00000000d5580000,0x00000000d5900000)
  from space 2048K, 89% used [0x00000000d5c00000,0x00000000d5dcb090,0x00000000d5e00000)
  to   space 2560K, 0% used [0x00000000d5900000,0x00000000d5900000,0x00000000d5b80000)
 ParOldGen       total 459264K, used 458923K [0x0000000080000000, 0x000000009c080000, 0x00000000d5580000)
  object space 459264K, 99% used [0x0000000080000000,0x000000009c02adf0,0x000000009c080000)
 Metaspace       used 81535K, committed 83456K, reserved 1179648K
  class space    used 8515K, committed 9408K, reserved 1048576K
}
Event: 1131.682 GC heap before
{Heap before GC invocations=296 (full 3):
 PSYoungGen      total 5632K, used 5420K [0x00000000d5580000, 0x00000000d5e00000, 0x0000000100000000)
  eden space 3584K, 99% used [0x00000000d5580000,0x00000000d58fffe8,0x00000000d5900000)
  from space 2048K, 89% used [0x00000000d5c00000,0x00000000d5dcb090,0x00000000d5e00000)
  to   space 2560K, 0% used [0x00000000d5900000,0x00000000d5900000,0x00000000d5b80000)
 ParOldGen       total 459264K, used 458923K [0x0000000080000000, 0x000000009c080000, 0x00000000d5580000)
  object space 459264K, 99% used [0x0000000080000000,0x000000009c02adf0,0x000000009c080000)
 Metaspace       used 81535K, committed 83456K, reserved 1179648K
  class space    used 8515K, committed 9408K, reserved 1048576K
}
Event: 1131.683 GC heap after
{Heap after GC invocations=296 (full 3):
 PSYoungGen      total 6144K, used 474K [0x00000000d5580000, 0x00000000d5c80000, 0x0000000100000000)
  eden space 3584K, 0% used [0x00000000d5580000,0x00000000d5580000,0x00000000d5900000)
  from space 2560K, 18% used [0x00000000d5900000,0x00000000d5976900,0x00000000d5b80000)
  to   space 1024K, 0% used [0x00000000d5b80000,0x00000000d5b80000,0x00000000d5c80000)
 ParOldGen       total 459264K, used 458931K [0x0000000080000000, 0x000000009c080000, 0x00000000d5580000)
  object space 459264K, 99% used [0x0000000080000000,0x000000009c02cdf0,0x000000009c080000)
 Metaspace       used 81535K, committed 83456K, reserved 1179648K
  class space    used 8515K, committed 9408K, reserved 1048576K
}

