# JRE version: OpenJDK Runtime Environment Temurin-21.0.10+7 (21.0.10+7) (build 21.0.10+7-LTS)
# Java VM: OpenJDK 64-Bit Server VM Temurin-21.0.10+7 (21.0.10+7-LTS, mixed mode, sharing, tiered, compressed oops, compressed class ptrs, parallel gc, windows-amd64)
GC Precious Log:
 CardTable entry size: 512
 CPUs: 16 total, 16 available
 Memory: 7811M
 Large Page Support: Disabled
 NUMA Support: Disabled
 Compressed Oops: Enabled (32-bit)
 Alignments: Space 512K, Generation 512K, Heap 2M
 Heap Min Capacity: 100M
 Heap Initial Capacity: 100M
 Heap Max Capacity: 2G
 Pre-touch: Disabled
 Parallel Workers: 13
Heap:
 PSYoungGen      total 16896K, used 10622K [0x00000000d5580000, 0x00000000d6980000, 0x0000000100000000)
  eden space 16384K, 62% used [0x00000000d5580000,0x00000000d5f8faf8,0x00000000d6580000)
  from space 512K, 62% used [0x00000000d6900000,0x00000000d6950000,0x00000000d6980000)
  to   space 1024K, 0% used [0x00000000d6780000,0x00000000d6780000,0x00000000d6880000)
 ParOldGen       total 68608K, used 59846K [0x0000000080000000, 0x0000000084300000, 0x00000000d5580000)
  object space 68608K, 87% used [0x0000000080000000,0x0000000083a71938,0x0000000084300000)
 Metaspace       used 57857K, committed 59200K, reserved 1114112K
  class space    used 6198K, committed 6784K, reserved 1048576K
GC Heap History (20 events):
Event: 6.555 GC heap before
{Heap before GC invocations=29 (full 2):
 PSYoungGen      total 17408K, used 17408K [0x00000000d5580000, 0x00000000d7000000, 0x0000000100000000)
  eden space 16384K, 100% used [0x00000000d5580000,0x00000000d6580000,0x00000000d6580000)
  from space 1024K, 100% used [0x00000000d6f00000,0x00000000d7000000,0x00000000d7000000)
  to   space 1536K, 0% used [0x00000000d6d00000,0x00000000d6d00000,0x00000000d6e80000)
 ParOldGen       total 68608K, used 47767K [0x0000000080000000, 0x0000000084300000, 0x00000000d5580000)
  object space 68608K, 69% used [0x0000000080000000,0x0000000082ea5f20,0x0000000084300000)
 Metaspace       used 47479K, committed 48768K, reserved 1114112K
  class space    used 5124K, committed 5696K, reserved 1048576K
}
Event: 6.556 GC heap after
{Heap after GC invocations=29 (full 2):
 PSYoungGen      total 17920K, used 1184K [0x00000000d5580000, 0x00000000d6f80000, 0x0000000100000000)
  eden space 16384K, 0% used [0x00000000d5580000,0x00000000d5580000,0x00000000d6580000)
  from space 1536K, 77% used [0x00000000d6d00000,0x00000000d6e28000,0x00000000d6e80000)
  to   space 1024K, 0% used [0x00000000d6e80000,0x00000000d6e80000,0x00000000d6f80000)
 ParOldGen       total 68608K, used 48591K [0x0000000080000000, 0x0000000084300000, 0x00000000d5580000)
  object space 68608K, 70% used [0x0000000080000000,0x0000000082f73c20,0x0000000084300000)
 Metaspace       used 47479K, committed 48768K, reserved 1114112K
  class space    used 5124K, committed 5696K, reserved 1048576K
}
Event: 6.649 GC heap before
{Heap before GC invocations=30 (full 2):
 PSYoungGen      total 17920K, used 17568K [0x00000000d5580000, 0x00000000d6f80000, 0x0000000100000000)
  eden space 16384K, 100% used [0x00000000d5580000,0x00000000d6580000,0x00000000d6580000)
  from space 1536K, 77% used [0x00000000d6d00000,0x00000000d6e28000,0x00000000d6e80000)
  to   space 1024K, 0% used [0x00000000d6e80000,0x00000000d6e80000,0x00000000d6f80000)
 ParOldGen       total 68608K, used 48591K [0x0000000080000000, 0x0000000084300000, 0x00000000d5580000)
  object space 68608K, 70% used [0x0000000080000000,0x0000000082f73c20,0x0000000084300000)
 Metaspace       used 49314K, committed 50624K, reserved 1114112K
  class space    used 5304K, committed 5888K, reserved 1048576K
}
Event: 6.650 GC heap after
{Heap after GC invocations=30 (full 2):
 PSYoungGen      total 17408K, used 1008K [0x00000000d5580000, 0x00000000d6f80000, 0x0000000100000000)
  eden space 16384K, 0% used [0x00000000d5580000,0x00000000d5580000,0x00000000d6580000)
  from space 1024K, 98% used [0x00000000d6e80000,0x00000000d6f7c020,0x00000000d6f80000)
  to   space 2560K, 0% used [0x00000000d6a80000,0x00000000d6a80000,0x00000000d6d00000)
 ParOldGen       total 68608K, used 49735K [0x0000000080000000, 0x0000000084300000, 0x00000000d5580000)
  object space 68608K, 72% used [0x0000000080000000,0x0000000083091c40,0x0000000084300000)
 Metaspace       used 49314K, committed 50624K, reserved 1114112K
  class space    used 5304K, committed 5888K, reserved 1048576K
}
Event: 6.829 GC heap before
{Heap before GC invocations=31 (full 2):
 PSYoungGen      total 17408K, used 17392K [0x00000000d5580000, 0x00000000d6f80000, 0x0000000100000000)
  eden space 16384K, 100% used [0x00000000d5580000,0x00000000d6580000,0x00000000d6580000)
  from space 1024K, 98% used [0x00000000d6e80000,0x00000000d6f7c020,0x00000000d6f80000)
  to   space 2560K, 0% used [0x00000000d6a80000,0x00000000d6a80000,0x00000000d6d00000)
 ParOldGen       total 68608K, used 49735K [0x0000000080000000, 0x0000000084300000, 0x00000000d5580000)
  object space 68608K, 72% used [0x0000000080000000,0x0000000083091c40,0x0000000084300000)
 Metaspace       used 51344K, committed 52608K, reserved 1114112K
  class space    used 5571K, committed 6144K, reserved 1048576K
}
Event: 6.831 GC heap after
{Heap after GC invocations=31 (full 2):
 PSYoungGen      total 18944K, used 984K [0x00000000d5580000, 0x00000000d6f00000, 0x0000000100000000)
  eden space 16384K, 0% used [0x00000000d5580000,0x00000000d5580000,0x00000000d6580000)
  from space 2560K, 38% used [0x00000000d6a80000,0x00000000d6b76308,0x00000000d6d00000)
  to   space 1536K, 0% used [0x00000000d6d80000,0x00000000d6d80000,0x00000000d6f00000)
 ParOldGen       total 68608K, used 50651K [0x0000000080000000, 0x0000000084300000, 0x00000000d5580000)
  object space 68608K, 73% used [0x0000000080000000,0x0000000083176ff0,0x0000000084300000)
 Metaspace       used 51344K, committed 52608K, reserved 1114112K
  class space    used 5571K, committed 6144K, reserved 1048576K
}
Event: 7.116 GC heap before
{Heap before GC invocations=32 (full 2):
 PSYoungGen      total 18944K, used 17363K [0x00000000d5580000, 0x00000000d6f00000, 0x0000000100000000)
  eden space 16384K, 99% used [0x00000000d5580000,0x00000000d657eb10,0x00000000d6580000)
  from space 2560K, 38% used [0x00000000d6a80000,0x00000000d6b76308,0x00000000d6d00000)
  to   space 1536K, 0% used [0x00000000d6d80000,0x00000000d6d80000,0x00000000d6f00000)
 ParOldGen       total 68608K, used 50651K [0x0000000080000000, 0x0000000084300000, 0x00000000d5580000)
  object space 68608K, 73% used [0x0000000080000000,0x0000000083176ff0,0x0000000084300000)
 Metaspace       used 52032K, committed 53248K, reserved 1114112K
  class space    used 5665K, committed 6208K, reserved 1048576K
}
Event: 7.118 GC heap after
{Heap after GC invocations=32 (full 2):
 PSYoungGen      total 16896K, used 448K [0x00000000d5580000, 0x00000000d6e00000, 0x0000000100000000)
  eden space 16384K, 0% used [0x00000000d5580000,0x00000000d5580000,0x00000000d6580000)
  from space 512K, 87% used [0x00000000d6d80000,0x00000000d6df0000,0x00000000d6e00000)
  to   space 1024K, 0% used [0x00000000d6c00000,0x00000000d6c00000,0x00000000d6d00000)
 ParOldGen       total 68608K, used 51446K [0x0000000080000000, 0x0000000084300000, 0x00000000d5580000)
  object space 68608K, 74% used [0x0000000080000000,0x000000008323d9b8,0x0000000084300000)
 Metaspace       used 52032K, committed 53248K, reserved 1114112K
  class space    used 5665K, committed 6208K, reserved 1048576K
}
Event: 7.361 GC heap before
{Heap before GC invocations=33 (full 2):
 PSYoungGen      total 16896K, used 16832K [0x00000000d5580000, 0x00000000d6e00000, 0x0000000100000000)
  eden space 16384K, 100% used [0x00000000d5580000,0x00000000d6580000,0x00000000d6580000)
  from space 512K, 87% used [0x00000000d6d80000,0x00000000d6df0000,0x00000000d6e00000)
  to   space 1024K, 0% used [0x00000000d6c00000,0x00000000d6c00000,0x00000000d6d00000)
 ParOldGen       total 68608K, used 51446K [0x0000000080000000, 0x0000000084300000, 0x00000000d5580000)
  object space 68608K, 74% used [0x0000000080000000,0x000000008323d9b8,0x0000000084300000)
 Metaspace       used 53126K, committed 54336K, reserved 1114112K
  class space    used 5770K, committed 6336K, reserved 1048576K
}
Event: 7.362 GC heap after
{Heap after GC invocations=33 (full 2):
 PSYoungGen      total 17408K, used 932K [0x00000000d5580000, 0x00000000d6e00000, 0x0000000100000000)
  eden space 16384K, 0% used [0x00000000d5580000,0x00000000d5580000,0x00000000d6580000)
  from space 1024K, 91% used [0x00000000d6c00000,0x00000000d6ce9130,0x00000000d6d00000)
  to   space 1024K, 0% used [0x00000000d6d00000,0x00000000d6d00000,0x00000000d6e00000)
 ParOldGen       total 68608K, used 51710K [0x0000000080000000, 0x0000000084300000, 0x00000000d5580000)
  object space 68608K, 75% used [0x0000000080000000,0x000000008327f9b8,0x0000000084300000)
 Metaspace       used 53126K, committed 54336K, reserved 1114112K
  class space    used 5770K, committed 6336K, reserved 1048576K
}
Event: 7.692 GC heap before
{Heap before GC invocations=34 (full 2):
 PSYoungGen      total 17408K, used 17316K [0x00000000d5580000, 0x00000000d6e00000, 0x0000000100000000)
  eden space 16384K, 100% used [0x00000000d5580000,0x00000000d6580000,0x00000000d6580000)
  from space 1024K, 91% used [0x00000000d6c00000,0x00000000d6ce9130,0x00000000d6d00000)
  to   space 1024K, 0% used [0x00000000d6d00000,0x00000000d6d00000,0x00000000d6e00000)
 ParOldGen       total 68608K, used 51710K [0x0000000080000000, 0x0000000084300000, 0x00000000d5580000)
  object space 68608K, 75% used [0x0000000080000000,0x000000008327f9b8,0x0000000084300000)
 Metaspace       used 53903K, committed 55104K, reserved 1114112K
  class space    used 5826K, committed 6400K, reserved 1048576K
}
Event: 7.694 GC heap after
{Heap after GC invocations=34 (full 2):
 PSYoungGen      total 17408K, used 1013K [0x00000000d5580000, 0x00000000d7080000, 0x0000000100000000)
  eden space 16384K, 0% used [0x00000000d5580000,0x00000000d5580000,0x00000000d6580000)
  from space 1024K, 98% used [0x00000000d6d00000,0x00000000d6dfd658,0x00000000d6e00000)
  to   space 5632K, 0% used [0x00000000d6580000,0x00000000d6580000,0x00000000d6b00000)
 ParOldGen       total 68608K, used 55333K [0x0000000080000000, 0x0000000084300000, 0x00000000d5580000)
  object space 68608K, 80% used [0x0000000080000000,0x00000000836097f0,0x0000000084300000)
 Metaspace       used 53903K, committed 55104K, reserved 1114112K
  class space    used 5826K, committed 6400K, reserved 1048576K
}
Event: 7.860 GC heap before
{Heap before GC invocations=35 (full 2):
 PSYoungGen      total 17408K, used 17397K [0x00000000d5580000, 0x00000000d7080000, 0x0000000100000000)
  eden space 16384K, 100% used [0x00000000d5580000,0x00000000d6580000,0x00000000d6580000)
  from space 1024K, 98% used [0x00000000d6d00000,0x00000000d6dfd658,0x00000000d6e00000)
  to   space 5632K, 0% used [0x00000000d6580000,0x00000000d6580000,0x00000000d6b00000)
 ParOldGen       total 68608K, used 55333K [0x0000000080000000, 0x0000000084300000, 0x00000000d5580000)
  object space 68608K, 80% used [0x0000000080000000,0x00000000836097f0,0x0000000084300000)
 Metaspace       used 55127K, committed 56384K, reserved 1114112K
  class space    used 5939K, committed 6528K, reserved 1048576K
}
Event: 7.862 GC heap after
{Heap after GC invocations=35 (full 2):
 PSYoungGen      total 18432K, used 1581K [0x00000000d5580000, 0x00000000d6d80000, 0x0000000100000000)
  eden space 16384K, 0% used [0x00000000d5580000,0x00000000d5580000,0x00000000d6580000)
  from space 2048K, 77% used [0x00000000d6580000,0x00000000d670b438,0x00000000d6780000)
  to   space 3072K, 0% used [0x00000000d6a80000,0x00000000d6a80000,0x00000000d6d80000)
 ParOldGen       total 68608K, used 56348K [0x0000000080000000, 0x0000000084300000, 0x00000000d5580000)
  object space 68608K, 82% used [0x0000000080000000,0x0000000083707028,0x0000000084300000)
 Metaspace       used 55127K, committed 56384K, reserved 1114112K
  class space    used 5939K, committed 6528K, reserved 1048576K
}
Event: 8.051 GC heap before
{Heap before GC invocations=36 (full 2):
 PSYoungGen      total 18432K, used 17965K [0x00000000d5580000, 0x00000000d6d80000, 0x0000000100000000)
  eden space 16384K, 100% used [0x00000000d5580000,0x00000000d6580000,0x00000000d6580000)
  from space 2048K, 77% used [0x00000000d6580000,0x00000000d670b438,0x00000000d6780000)
  to   space 3072K, 0% used [0x00000000d6a80000,0x00000000d6a80000,0x00000000d6d80000)
 ParOldGen       total 68608K, used 56348K [0x0000000080000000, 0x0000000084300000, 0x00000000d5580000)
  object space 68608K, 82% used [0x0000000080000000,0x0000000083707028,0x0000000084300000)
 Metaspace       used 56330K, committed 57664K, reserved 1114112K
  class space    used 6064K, committed 6656K, reserved 1048576K
}
Event: 8.053 GC heap after
{Heap after GC invocations=36 (full 2):
 PSYoungGen      total 18944K, used 2430K [0x00000000d5580000, 0x00000000d6d00000, 0x0000000100000000)
  eden space 16384K, 0% used [0x00000000d5580000,0x00000000d5580000,0x00000000d6580000)
  from space 2560K, 94% used [0x00000000d6a80000,0x00000000d6cdfb30,0x00000000d6d00000)
  to   space 3072K, 0% used [0x00000000d6700000,0x00000000d6700000,0x00000000d6a00000)
 ParOldGen       total 68608K, used 57671K [0x0000000080000000, 0x0000000084300000, 0x00000000d5580000)
  object space 68608K, 84% used [0x0000000080000000,0x0000000083851d18,0x0000000084300000)
 Metaspace       used 56330K, committed 57664K, reserved 1114112K
  class space    used 6064K, committed 6656K, reserved 1048576K
}
Event: 8.104 GC heap before
{Heap before GC invocations=37 (full 2):
 PSYoungGen      total 18944K, used 18814K [0x00000000d5580000, 0x00000000d6d00000, 0x0000000100000000)
  eden space 16384K, 100% used [0x00000000d5580000,0x00000000d6580000,0x00000000d6580000)
  from space 2560K, 94% used [0x00000000d6a80000,0x00000000d6cdfb30,0x00000000d6d00000)
  to   space 3072K, 0% used [0x00000000d6700000,0x00000000d6700000,0x00000000d6a00000)
 ParOldGen       total 68608K, used 57671K [0x0000000080000000, 0x0000000084300000, 0x00000000d5580000)
  object space 68608K, 84% used [0x0000000080000000,0x0000000083851d18,0x0000000084300000)
 Metaspace       used 56359K, committed 57664K, reserved 1114112K
  class space    used 6064K, committed 6656K, reserved 1048576K
}
Event: 8.105 GC heap after
{Heap after GC invocations=37 (full 2):
 PSYoungGen      total 17920K, used 1033K [0x00000000d5580000, 0x00000000d6b00000, 0x0000000100000000)
  eden space 16384K, 0% used [0x00000000d5580000,0x00000000d5580000,0x00000000d6580000)
  from space 1536K, 67% used [0x00000000d6700000,0x00000000d68026c0,0x00000000d6880000)
  to   space 2048K, 0% used [0x00000000d6900000,0x00000000d6900000,0x00000000d6b00000)
 ParOldGen       total 68608K, used 59798K [0x0000000080000000, 0x0000000084300000, 0x00000000d5580000)
  object space 68608K, 87% used [0x0000000080000000,0x0000000083a65938,0x0000000084300000)
 Metaspace       used 56359K, committed 57664K, reserved 1114112K
  class space    used 6064K, committed 6656K, reserved 1048576K
}
Event: 8.140 GC heap before
{Heap before GC invocations=38 (full 2):
 PSYoungGen      total 17920K, used 17417K [0x00000000d5580000, 0x00000000d6b00000, 0x0000000100000000)
  eden space 16384K, 100% used [0x00000000d5580000,0x00000000d6580000,0x00000000d6580000)
  from space 1536K, 67% used [0x00000000d6700000,0x00000000d68026c0,0x00000000d6880000)
  to   space 2048K, 0% used [0x00000000d6900000,0x00000000d6900000,0x00000000d6b00000)
 ParOldGen       total 68608K, used 59798K [0x0000000080000000, 0x0000000084300000, 0x00000000d5580000)
  object space 68608K, 87% used [0x0000000080000000,0x0000000083a65938,0x0000000084300000)
 Metaspace       used 56627K, committed 57920K, reserved 1114112K
  class space    used 6077K, committed 6656K, reserved 1048576K
}
Event: 8.141 GC heap after
{Heap after GC invocations=38 (full 2):
 PSYoungGen      total 16896K, used 320K [0x00000000d5580000, 0x00000000d6980000, 0x0000000100000000)
  eden space 16384K, 0% used [0x00000000d5580000,0x00000000d5580000,0x00000000d6580000)
  from space 512K, 62% used [0x00000000d6900000,0x00000000d6950000,0x00000000d6980000)
  to   space 1024K, 0% used [0x00000000d6780000,0x00000000d6780000,0x00000000d6880000)
 ParOldGen       total 68608K, used 59846K [0x0000000080000000, 0x0000000084300000, 0x00000000d5580000)
  object space 68608K, 87% used [0x0000000080000000,0x0000000083a71938,0x0000000084300000)
 Metaspace       used 56627K, committed 57920K, reserved 1114112K
  class space    used 6077K, committed 6656K, reserved 1048576K
}

